{"name": " -- @1.3 ", "status": "broken", "statusDetails": {"message": "selenium.common.exceptions.NoSuchElementException: Message: no such element: Unable to locate element: {\"method\":\"xpath\",\"selector\":\"(//div[@class=\"cabDtlhHeader\"])[1]/../../..//button[@name=\"SELECT\"]\"}\n  (Session info: chrome=107.0.5304.88)\n\n", "trace": "  File \"C:\\Users\\Revanth Kumar K\\AppData\\Local\\Programs\\Python\\Python310\\lib\\site-packages\\behave\\model.py\", line 1329, in run\n    match.run(runner.context)\n  File \"C:\\Users\\Revanth Kumar K\\AppData\\Local\\Programs\\Python\\Python310\\lib\\site-packages\\behave\\matchers.py\", line 98, in run\n    self.func(context, *args, **kwargs)\n  File \"steps\\stepdefinition.py\", line 74, in click_on_select_button\n    context.driver.find_element(\"xpath\", '(//div[@class=\"cabDtlhHeader\"])[1]/../../..//button[@name=\"SELECT\"]').click()\n  File \"C:\\Users\\Revanth Kumar K\\AppData\\Local\\Programs\\Python\\Python310\\lib\\site-packages\\selenium\\webdriver\\remote\\webdriver.py\", line 976, in find_element\n    return self.execute(Command.FIND_ELEMENT, {\n  File \"C:\\Users\\Revanth Kumar K\\AppData\\Local\\Programs\\Python\\Python310\\lib\\site-packages\\selenium\\webdriver\\remote\\webdriver.py\", line 321, in execute\n    self.error_handler.check_response(response)\n  File \"C:\\Users\\Revanth Kumar K\\AppData\\Local\\Programs\\Python\\Python310\\lib\\site-packages\\selenium\\webdriver\\remote\\errorhandler.py\", line 242, in check_response\n    raise exception_class(message, screen, stacktrace)\n"}, "steps": [{"name": "Given User is able to launch chrome browser", "status": "passed", "start": 1667457400916, "stop": 1667457406504}, {"name": "When user is able to click on outstation one_way", "status": "passed", "start": 1667457406504, "stop": 1667457408657}, {"name": "Then user is able to enter \"Bangalore\" in from textfield", "status": "passed", "start": 1667457408657, "stop": 1667457410791}, {"name": "Then user is able to click on from autosuggestion", "status": "passed", "start": 1667457410791, "stop": 1667457412906}, {"name": "Then user is able to enter \"Mysore\" in to textfield", "status": "passed", "start": 1667457412906, "stop": 1667457414988}, {"name": "Then user is able to click on to autosuggestion", "status": "passed", "start": 1667457414988, "stop": 1667457417086}, {"name": "When user is able to click on pickup date", "status": "passed", "start": 1667457417086, "stop": 1667457419188}, {"name": "Then user is able to select the date", "status": "passed", "start": 1667457419188, "stop": 1667457421270}, {"name": "When user is able to click on pickup time", "status": "passed", "start": 1667457421270, "stop": 1667457423396}, {"name": "Then user is able to select time", "status": "passed", "start": 1667457423396, "stop": 1667457425506}, {"name": "And user is able to click on search cabs", "status": "passed", "start": 1667457425506, "stop": 1667457429692}, {"name": "Then user is able to click on select button", "status": "broken", "statusDetails": {"message": "selenium.common.exceptions.NoSuchElementException: Message: no such element: Unable to locate element: {\"method\":\"xpath\",\"selector\":\"(//div[@class=\"cabDtlhHeader\"])[1]/../../..//button[@name=\"SELECT\"]\"}\n  (Session info: chrome=107.0.5304.88)\n\n", "trace": "  File \"C:\\Users\\Revanth Kumar K\\AppData\\Local\\Programs\\Python\\Python310\\lib\\site-packages\\behave\\model.py\", line 1329, in run\n    match.run(runner.context)\n  File \"C:\\Users\\Revanth Kumar K\\AppData\\Local\\Programs\\Python\\Python310\\lib\\site-packages\\behave\\matchers.py\", line 98, in run\n    self.func(context, *args, **kwargs)\n  File \"steps\\stepdefinition.py\", line 74, in click_on_select_button\n    context.driver.find_element(\"xpath\", '(//div[@class=\"cabDtlhHeader\"])[1]/../../..//button[@name=\"SELECT\"]').click()\n  File \"C:\\Users\\Revanth Kumar K\\AppData\\Local\\Programs\\Python\\Python310\\lib\\site-packages\\selenium\\webdriver\\remote\\webdriver.py\", line 976, in find_element\n    return self.execute(Command.FIND_ELEMENT, {\n  File \"C:\\Users\\Revanth Kumar K\\AppData\\Local\\Programs\\Python\\Python310\\lib\\site-packages\\selenium\\webdriver\\remote\\webdriver.py\", line 321, in execute\n    self.error_handler.check_response(response)\n  File \"C:\\Users\\Revanth Kumar K\\AppData\\Local\\Programs\\Python\\Python310\\lib\\site-packages\\selenium\\webdriver\\remote\\errorhandler.py\", line 242, in check_response\n    raise exception_class(message, screen, stacktrace)\n"}, "start": 1667457429693, "stop": 1667457439745}, {"name": "Then user is able to enter \"Brookefield mall\" in pickup location textfield", "status": "skipped", "start": 1667457439748, "stop": 1667457439748}, {"name": "When user is able to click on location autosuggestion", "status": "skipped", "start": 1667457439748, "stop": 1667457439748}, {"name": "Then user is able to enter \"Revanth\" in full name textfield", "status": "skipped", "start": 1667457439748, "stop": 1667457439748}, {"name": "Then user is able to enter \"7396424409\" in mobile number textfield", "status": "skipped", "start": 1667457439748, "stop": 1667457439748}, {"name": "Then user is able to enter \"revanthkumarkanumilli@gmail.com\" in email textfield", "status": "skipped", "start": 1667457439748, "stop": 1667457439748}, {"name": "Then user is able to click paynow button", "status": "skipped", "start": 1667457439748, "stop": 1667457439748}, {"name": "And user is able to click on payment button", "status": "skipped", "start": 1667457439748, "stop": 1667457439748}], "parameters": [{"name": "from_location", "value": "Bangalore"}, {"name": "to_location", "value": "Mysore"}, {"name": "pickup_location", "value": "Brookefield mall"}, {"name": "full_name", "value": "Revanth"}, {"name": "mobile_number", "value": "7396424409"}, {"name": "email", "value": "revanthkumarkanumilli@gmail.com"}], "start": 1667457400912, "stop": 1667457439748, "uuid": "042824c4-af0e-43f0-94d0-17da87cde0f0", "historyId": "7634bc2649c0b00d575fcfa16ecd30d6", "fullName": "goibibo_cabs: ", "labels": [{"name": "severity", "value": "normal"}, {"name": "feature", "value": "goibibo_cabs"}, {"name": "framework", "value": "behave"}, {"name": "language", "value": "cpython3"}]}