{"name": " -- @1.5 ", "status": "broken", "statusDetails": {"message": "selenium.common.exceptions.NoSuchElementException: Message: no such element: Unable to locate element: {\"method\":\"xpath\",\"selector\":\"//div[@id=\"downshift-1-item-0\"]\"}\n  (Session info: chrome=107.0.5304.88)\n\n", "trace": "  File \"C:\\Users\\Revanth Kumar K\\AppData\\Local\\Programs\\Python\\Python310\\lib\\site-packages\\behave\\model.py\", line 1329, in run\n    match.run(runner.context)\n  File \"C:\\Users\\Revanth Kumar K\\AppData\\Local\\Programs\\Python\\Python310\\lib\\site-packages\\behave\\matchers.py\", line 98, in run\n    self.func(context, *args, **kwargs)\n  File \"steps\\stepdefinition.py\", line 27, in click_on_from_autosuggestion\n    context.driver.find_element(\"xpath\", '//div[@id=\"downshift-1-item-0\"]').click()\n  File \"C:\\Users\\Revanth Kumar K\\AppData\\Local\\Programs\\Python\\Python310\\lib\\site-packages\\selenium\\webdriver\\remote\\webdriver.py\", line 976, in find_element\n    return self.execute(Command.FIND_ELEMENT, {\n  File \"C:\\Users\\Revanth Kumar K\\AppData\\Local\\Programs\\Python\\Python310\\lib\\site-packages\\selenium\\webdriver\\remote\\webdriver.py\", line 321, in execute\n    self.error_handler.check_response(response)\n  File \"C:\\Users\\Revanth Kumar K\\AppData\\Local\\Programs\\Python\\Python310\\lib\\site-packages\\selenium\\webdriver\\remote\\errorhandler.py\", line 242, in check_response\n    raise exception_class(message, screen, stacktrace)\n"}, "steps": [{"name": "Given User is able to launch chrome browser", "status": "passed", "start": 1667457511810, "stop": 1667457562224}, {"name": "When user is able to click on outstation one_way", "status": "passed", "start": 1667457562225, "stop": 1667457564371}, {"name": "Then user is able to enter \"Bangalore\" in from textfield", "status": "passed", "start": 1667457564372, "stop": 1667457566533}, {"name": "Then user is able to click on from autosuggestion", "status": "broken", "statusDetails": {"message": "selenium.common.exceptions.NoSuchElementException: Message: no such element: Unable to locate element: {\"method\":\"xpath\",\"selector\":\"//div[@id=\"downshift-1-item-0\"]\"}\n  (Session info: chrome=107.0.5304.88)\n\n", "trace": "  File \"C:\\Users\\Revanth Kumar K\\AppData\\Local\\Programs\\Python\\Python310\\lib\\site-packages\\behave\\model.py\", line 1329, in run\n    match.run(runner.context)\n  File \"C:\\Users\\Revanth Kumar K\\AppData\\Local\\Programs\\Python\\Python310\\lib\\site-packages\\behave\\matchers.py\", line 98, in run\n    self.func(context, *args, **kwargs)\n  File \"steps\\stepdefinition.py\", line 27, in click_on_from_autosuggestion\n    context.driver.find_element(\"xpath\", '//div[@id=\"downshift-1-item-0\"]').click()\n  File \"C:\\Users\\Revanth Kumar K\\AppData\\Local\\Programs\\Python\\Python310\\lib\\site-packages\\selenium\\webdriver\\remote\\webdriver.py\", line 976, in find_element\n    return self.execute(Command.FIND_ELEMENT, {\n  File \"C:\\Users\\Revanth Kumar K\\AppData\\Local\\Programs\\Python\\Python310\\lib\\site-packages\\selenium\\webdriver\\remote\\webdriver.py\", line 321, in execute\n    self.error_handler.check_response(response)\n  File \"C:\\Users\\Revanth Kumar K\\AppData\\Local\\Programs\\Python\\Python310\\lib\\site-packages\\selenium\\webdriver\\remote\\errorhandler.py\", line 242, in check_response\n    raise exception_class(message, screen, stacktrace)\n"}, "start": 1667457566533, "stop": 1667457576554}, {"name": "Then user is able to enter \"Mysore\" in to textfield", "status": "skipped", "start": 1667457576554, "stop": 1667457576554}, {"name": "Then user is able to click on to autosuggestion", "status": "skipped", "start": 1667457576554, "stop": 1667457576554}, {"name": "When user is able to click on pickup date", "status": "skipped", "start": 1667457576554, "stop": 1667457576554}, {"name": "Then user is able to select the date", "status": "skipped", "start": 1667457576554, "stop": 1667457576554}, {"name": "When user is able to click on pickup time", "status": "skipped", "start": 1667457576554, "stop": 1667457576554}, {"name": "Then user is able to select time", "status": "skipped", "start": 1667457576554, "stop": 1667457576554}, {"name": "And user is able to click on search cabs", "status": "skipped", "start": 1667457576554, "stop": 1667457576554}, {"name": "Then user is able to click on select button", "status": "skipped", "start": 1667457576554, "stop": 1667457576554}, {"name": "Then user is able to enter \"Brookefield mall\" in pickup location textfield", "status": "skipped", "start": 1667457576554, "stop": 1667457576554}, {"name": "When user is able to click on location autosuggestion", "status": "skipped", "start": 1667457576554, "stop": 1667457576554}, {"name": "Then user is able to enter \"Revanth\" in full name textfield", "status": "skipped", "start": 1667457576554, "stop": 1667457576554}, {"name": "Then user is able to enter \"9742428125\" in mobile number textfield", "status": "skipped", "start": 1667457576554, "stop": 1667457576554}, {"name": "Then user is able to enter \"revanthkumar\" in email textfield", "status": "skipped", "start": 1667457576554, "stop": 1667457576554}, {"name": "Then user is able to click paynow button", "status": "skipped", "start": 1667457576554, "stop": 1667457576554}, {"name": "And user is able to click on payment button", "status": "skipped", "start": 1667457576554, "stop": 1667457576554}], "parameters": [{"name": "from_location", "value": "Bangalore"}, {"name": "to_location", "value": "Mysore"}, {"name": "pickup_location", "value": "Brookefield mall"}, {"name": "full_name", "value": "Revanth"}, {"name": "mobile_number", "value": "9742428125"}, {"name": "email", "value": "revanthkumar"}], "start": 1667457511809, "stop": 1667457576554, "uuid": "6b70c994-bc52-48be-a9f2-a380c4ac1794", "historyId": "5f0d4c8f5cfb219dfb5d7031a39215b2", "fullName": "goibibo_cabs: ", "labels": [{"name": "severity", "value": "normal"}, {"name": "feature", "value": "goibibo_cabs"}, {"name": "framework", "value": "behave"}, {"name": "language", "value": "cpython3"}]}